#
# There is insufficient memory for the Java Runtime Environment to continue.
# Native memory allocation (mmap) failed to map 123731968 bytes. Error detail: G1 virtual space
# Possible reasons:
#   The system is out of physical RAM or swap space
#   This process is running with CompressedOops enabled, and the Java Heap may be blocking the growth of the native heap
# Possible solutions:
#   Reduce memory load on the system
#   Increase physical memory or swap space
#   Check if swap backing store is full
#   Decrease Java heap size (-Xmx/-Xms)
#   Decrease number of Java threads
#   Decrease Java thread stack sizes (-Xss)
#   Set larger code cache with -XX:ReservedCodeCacheSize=
#   JVM is running with Unscaled Compressed Oops mode in which the Java heap is
#     placed in the first 4GB address space. The Java Heap base address is the
#     maximum limit for the native heap growth. Please use -XX:HeapBaseMinAddress
#     to set the Java Heap base and to place the Java Heap above 4GB virtual address.
# This output file may be truncated or incomplete.
#
#  Out of Memory Error (os_windows.cpp:3707), pid=3668, tid=9192
#
# JRE version:  (23.0.2+7) (build )
# Java VM: Java HotSpot(TM) 64-Bit Server VM (23.0.2+7-58, mixed mode, sharing, tiered, compressed oops, compressed class ptrs, g1 gc, windows-amd64)
# No core dump will be written. Minidumps are not enabled by default on client versions of Windows
#

---------------  S U M M A R Y ------------

Command Line: -Dnet.bytebuddy.agent.attacher.dump= net.bytebuddy.agent.Attacher com.sun.tools.attach.VirtualMachine 5224 C:\Users\shaik\.m2\repository\net\bytebuddy\byte-buddy-agent\1.17.6\byte-buddy-agent-1.17.6.jar false 

Host: AMD Ryzen 5 5500U with Radeon Graphics         , 12 cores, 7G,  Windows 11 , 64 bit Build 26100 (10.0.26100.4484)
Time: Thu Jul  3 19:27:08 2025 India Standard Time elapsed time: 1.237071 seconds (0d 0h 0m 1s)

---------------  T H R E A D  ---------------

Current thread (0x000001dbc589b340):  JavaThread "Unknown thread" [_thread_in_vm, id=9192, stack(0x0000000100700000,0x0000000100800000) (1024K)]

Stack: [0x0000000100700000,0x0000000100800000]
Native frames: (J=compiled Java code, j=interpreted, Vv=VM code, C=native code)
V  [jvm.dll+0x6e0b99]  (no source info available)
V  [jvm.dll+0x87e2b3]  (no source info available)
V  [jvm.dll+0x88073e]  (no source info available)
V  [jvm.dll+0x880e13]  (no source info available)
V  [jvm.dll+0x27b006]  (no source info available)
V  [jvm.dll+0x6dd485]  (no source info available)
V  [jvm.dll+0x6d127a]  (no source info available)
V  [jvm.dll+0x35b50a]  (no source info available)
V  [jvm.dll+0x363916]  (no source info available)
V  [jvm.dll+0x34fe7e]  (no source info available)
V  [jvm.dll+0x350118]  (no source info available)
V  [jvm.dll+0x328aec]  (no source info available)
V  [jvm.dll+0x32978e]  (no source info available)
V  [jvm.dll+0x8449a5]  (no source info available)
V  [jvm.dll+0x3b9a08]  (no source info available)
V  [jvm.dll+0x82d68c]  (no source info available)
V  [jvm.dll+0x454f2e]  (no source info available)
V  [jvm.dll+0x456db1]  (no source info available)
C  [jli.dll+0x52a3]  (no source info available)
C  [ucrtbase.dll+0x37b0]  (no source info available)
C  [KERNEL32.DLL+0x2e8d7]  (no source info available)
C  [ntdll.dll+0x3c34c]  (no source info available)

Lock stack of current Java thread (top to bottom):


---------------  P R O C E S S  ---------------

Threads class SMR info:
_java_thread_list=0x00007ffc4da64618, length=0, elements={
}

Java Threads: ( => current thread )
Total: 0

Other Threads:
  0x000001dbc58ed050 WorkerThread "GC Thread#0"                     [id=19588, stack(0x0000000100800000,0x0000000100900000) (1024K)]
  0x000001dbc59005c0 ConcurrentGCThread "G1 Main Marker"            [id=20704, stack(0x0000000100900000,0x0000000100a00000) (1024K)]
  0x000001dbc5901ff0 WorkerThread "G1 Conc#0"                       [id=20160, stack(0x0000000100a00000,0x0000000100b00000) (1024K)]

[error occurred during error reporting (printing all threads), id 0xc0000005, EXCEPTION_ACCESS_VIOLATION (0xc0000005) at pc=0x00007ffc4d1ac0da]
VM state: not at safepoint (not fully initialized)

VM Mutex/Monitor currently owned by a thread:  ([mutex/lock_event])
[0x00007ffc4dae4988] Heap_lock - owner thread: 0x000001dbc589b340

Heap address: 0x000000008ac00000, size: 1876 MB, Compressed Oops mode: 32-bit

CDS archive(s) mapped at: [0x0000000000000000-0x0000000000000000-0x0000000000000000), size 0, SharedBaseAddress: 0x0000000800000000, ArchiveRelocationMode: 1.
Narrow klass base: 0x0000000000000000, Narrow klass shift: 0, Narrow klass range: 0x0

GC Precious Log:
 CardTable entry size: 512
 Card Set container configuration: InlinePtr #cards 5 size 8 Array Of Cards #cards 10 size 36 Howl #buckets 4 coarsen threshold 1843 Howl Bitmap #cards 512 size 80 coarsen threshold 460 Card regions per heap region 1 cards per card region 2048

Heap:
 garbage-first heap   total reserved 1921024K, committed 0K, used 0K [0x000000008ac00000, 0x0000000100000000)
  region size 1024K, 0 young (0K), 0 survivors (0K)

[error occurred during error reporting (printing heap information), id 0xc0000005, EXCEPTION_ACCESS_VIOLATION (0xc0000005) at pc=0x00007ffc4d5ac6a9]
GC Heap History (0 events):
No events

Dll operation events (1 events):
Event: 0.016 Loaded shared library C:\Program Files\Java\jdk-23\bin\java.dll

Deoptimization events (0 events):
No events

Classes loaded (0 events):
No events

Classes unloaded (0 events):
No events

Classes redefined (0 events):
No events

Internal exceptions (0 events):
No events

VM Operations (0 events):
No events

Memory protections (0 events):
No events

Nmethod flushes (0 events):
No events

Events (0 events):
No events


Dynamic libraries:
0x00007ff62dab0000 - 0x00007ff62dac0000 	C:\Program Files\Java\jdk-23\bin\java.exe
0x00007ffc8f520000 - 0x00007ffc8f788000 	C:\WINDOWS\SYSTEM32\ntdll.dll
0x00007ffc8e4a0000 - 0x00007ffc8e569000 	C:\WINDOWS\System32\KERNEL32.DLL
0x00007ffc8c7b0000 - 0x00007ffc8cb9d000 	C:\WINDOWS\System32\KERNELBASE.dll
0x00007ffc8ce70000 - 0x00007ffc8cfbb000 	C:\WINDOWS\System32\ucrtbase.dll
0x00007ffc7cb80000 - 0x00007ffc7cb9b000 	C:\Program Files\Java\jdk-23\bin\VCRUNTIME140.dll
0x00007ffc7cb60000 - 0x00007ffc7cb77000 	C:\Program Files\Java\jdk-23\bin\jli.dll
0x00007ffc8d340000 - 0x00007ffc8d50c000 	C:\WINDOWS\System32\USER32.dll
0x00007ffc714e0000 - 0x00007ffc7177a000 	C:\WINDOWS\WinSxS\amd64_microsoft.windows.common-controls_6595b64144ccf1df_6.0.26100.4484_none_3e0e6d4ce32ef3b3\COMCTL32.dll
0x00007ffc8cfc0000 - 0x00007ffc8cfe7000 	C:\WINDOWS\System32\win32u.dll
0x00007ffc8d8b0000 - 0x00007ffc8d959000 	C:\WINDOWS\System32\msvcrt.dll
0x00007ffc8ee10000 - 0x00007ffc8ee3b000 	C:\WINDOWS\System32\GDI32.dll
0x00007ffc8c670000 - 0x00007ffc8c7a7000 	C:\WINDOWS\System32\gdi32full.dll
0x00007ffc8cff0000 - 0x00007ffc8d093000 	C:\WINDOWS\System32\msvcp_win.dll
0x00007ffc8e1a0000 - 0x00007ffc8e1cf000 	C:\WINDOWS\System32\IMM32.DLL
0x00007ffc6ce40000 - 0x00007ffc6cf2b000 	C:\Program Files\Windhawk\Engine\1.5.1_1\64\windhawk.dll
0x00007ffc8e2c0000 - 0x00007ffc8e374000 	C:\WINDOWS\System32\ADVAPI32.dll
0x00007ffc8f430000 - 0x00007ffc8f4d6000 	C:\WINDOWS\System32\sechost.dll
0x00007ffc85580000 - 0x00007ffc8569e000 	C:\WINDOWS\SYSTEM32\WINHTTP.dll
0x00007ffc8d790000 - 0x00007ffc8d8a8000 	C:\WINDOWS\System32\RPCRT4.dll
0x00007ffc7cb50000 - 0x00007ffc7cb5c000 	C:\Program Files\Java\jdk-23\bin\vcruntime140_1.dll
0x00007ffc7cac0000 - 0x00007ffc7cb4e000 	C:\Program Files\Java\jdk-23\bin\msvcp140.dll
0x00007ffc4ce70000 - 0x00007ffc4dbc0000 	C:\Program Files\Java\jdk-23\bin\server\jvm.dll
0x00007ffc8d2c0000 - 0x00007ffc8d334000 	C:\WINDOWS\System32\WS2_32.dll
0x00007ffc8c4c0000 - 0x00007ffc8c51e000 	C:\WINDOWS\SYSTEM32\POWRPROF.dll
0x00007ffc85150000 - 0x00007ffc85185000 	C:\WINDOWS\SYSTEM32\WINMM.dll
0x00007ffc85190000 - 0x00007ffc8519b000 	C:\WINDOWS\SYSTEM32\VERSION.dll
0x00007ffc8c4a0000 - 0x00007ffc8c4b4000 	C:\WINDOWS\SYSTEM32\UMPDC.dll
0x00007ffc8b380000 - 0x00007ffc8b39b000 	C:\WINDOWS\SYSTEM32\kernel.appcore.dll
0x00007ffc7cab0000 - 0x00007ffc7caba000 	C:\Program Files\Java\jdk-23\bin\jimage.dll
0x00007ffc80a30000 - 0x00007ffc80c71000 	C:\WINDOWS\SYSTEM32\DBGHELP.DLL
0x00007ffc8f0a0000 - 0x00007ffc8f426000 	C:\WINDOWS\System32\combase.dll
0x00007ffc8efb0000 - 0x00007ffc8f090000 	C:\WINDOWS\System32\OLEAUT32.dll
0x00007ffc71180000 - 0x00007ffc711c3000 	C:\WINDOWS\SYSTEM32\dbgcore.DLL
0x00007ffc8d0a0000 - 0x00007ffc8d139000 	C:\WINDOWS\System32\bcryptPrimitives.dll
0x00007ffc7ca90000 - 0x00007ffc7caae000 	C:\Program Files\Java\jdk-23\bin\java.dll
0x00007ffc8d510000 - 0x00007ffc8d6ae000 	C:\WINDOWS\System32\ole32.dll
0x00007ffc8d9c0000 - 0x00007ffc8e10a000 	C:\WINDOWS\System32\SHELL32.dll
0x00007ffc8cba0000 - 0x00007ffc8cd14000 	C:\WINDOWS\System32\wintypes.dll

dbghelp: loaded successfully - version: 4.0.5 - missing functions: none
symbol engine: initialized successfully - sym options: 0x614 - pdb path: .;C:\Program Files\Java\jdk-23\bin;C:\WINDOWS\SYSTEM32;C:\WINDOWS\WinSxS\amd64_microsoft.windows.common-controls_6595b64144ccf1df_6.0.26100.4484_none_3e0e6d4ce32ef3b3;C:\Program Files\Windhawk\Engine\1.5.1_1\64;C:\Program Files\Java\jdk-23\bin\server

VM Arguments:
jvm_args: -Dnet.bytebuddy.agent.attacher.dump= 
java_command: net.bytebuddy.agent.Attacher com.sun.tools.attach.VirtualMachine 5224 C:\Users\shaik\.m2\repository\net\bytebuddy\byte-buddy-agent\1.17.6\byte-buddy-agent-1.17.6.jar false 
java_class_path (initial): C:\Users\shaik\.m2\repository\net\bytebuddy\byte-buddy-agent\1.17.6\byte-buddy-agent-1.17.6.jar
Launcher Type: SUN_STANDARD

[Global flags]
     intx CICompilerCount                          = 4                                         {product} {ergonomic}
     uint ConcGCThreads                            = 3                                         {product} {ergonomic}
     uint G1ConcRefinementThreads                  = 10                                        {product} {ergonomic}
   size_t G1HeapRegionSize                         = 1048576                                   {product} {ergonomic}
   size_t InitialHeapSize                          = 123731968                                 {product} {ergonomic}
   size_t MarkStackSize                            = 4194304                                   {product} {ergonomic}
   size_t MarkStackSizeMax                         = 536870912                                 {product} {ergonomic}
   size_t MaxHeapSize                              = 1967128576                                {product} {ergonomic}
   size_t MinHeapDeltaBytes                        = 1048576                                   {product} {ergonomic}
   size_t MinHeapSize                              = 8388608                                   {product} {ergonomic}
    uintx NonNMethodCodeHeapSize                   = 5832704                                {pd product} {ergonomic}
    uintx NonProfiledCodeHeapSize                  = 122945536                              {pd product} {ergonomic}
    uintx ProfiledCodeHeapSize                     = 122880000                              {pd product} {ergonomic}
    uintx ReservedCodeCacheSize                    = 251658240                              {pd product} {ergonomic}
     bool SegmentedCodeCache                       = true                                      {product} {ergonomic}
   size_t SoftMaxHeapSize                          = 1967128576                             {manageable} {ergonomic}
     bool UseCompressedOops                        = true                           {product lp64_product} {ergonomic}
     bool UseG1GC                                  = true                                      {product} {ergonomic}
     bool UseLargePagesIndividualAllocation        = false                                  {pd product} {ergonomic}

Logging:
Log output configuration:
 #0: stdout all=warning uptime,level,tags foldmultilines=false
 #1: stderr all=off uptime,level,tags foldmultilines=false

Environment Variables:
PATH=C:\Program Files\Common Files\Oracle\Java\javapath;C:\WINDOWS\system32;C:\WINDOWS;C:\WINDOWS\System32\Wbem;C:\WINDOWS\System32\WindowsPowerShell\v1.0\;C:\WINDOWS\System32\OpenSSH\;C:\Program Files\HP\HP One Agent;C:\Program Files\Python312;C:\Program Files\Python312\Scripts;C:\WINDOWS\system32;C:\WINDOWS;C:\WINDOWS\System32\Wbem;C:\WINDOWS\System32\WindowsPowerShell\v1.0\;C:\WINDOWS\System32\OpenSSH\;C:\Program Files\nodejs\;C:\Program Files\MySQL\MySQL Server 8.0\bin;C:\Program Files\apache-maven-3.9.9-bin\apache-maven-3.9.9\bin;C:\Program Files\Git\cmd;C:\Users\shaik\AppData\Local\Programs\Python\Python38\Scripts\;C:\Users\shaik\AppData\Local\Programs\Python\Python38\;C:\Program Files\Java\jdk-23\bin;C:\Program Files\MySQL\MySQL Shell 8.0\bin\;C:\Users\shaik\AppData\Local\Microsoft\WindowsApps;C:\Users\shaik\AppData\Local\Programs\Microsoft VS Code\bin;C:\Users\shaik\AppData\Roaming\npm;C:\Users\shaik\AppData\Local\Programs\mongosh\;
USERNAME=Shaik Abuzar
OS=Windows_NT
PROCESSOR_IDENTIFIER=AMD64 Family 23 Model 104 Stepping 1, AuthenticAMD
TMP=C:\Users\shaik\AppData\Local\Temp
TEMP=C:\Users\shaik\AppData\Local\Temp




Periodic native trim disabled

---------------  S Y S T E M  ---------------

OS:
 Windows 11 , 64 bit Build 26100 (10.0.26100.4484)
OS uptime: 0 days 9:44 hours
Hyper-V role detected

CPU: total 12 (initial active 12) (12 cores per cpu, 2 threads per core) family 23 model 104 stepping 1 microcode 0x8608107, cx8, cmov, fxsr, ht, mmx, 3dnowpref, sse, sse2, sse3, ssse3, sse4a, sse4.1, sse4.2, popcnt, lzcnt, tsc, tscinvbit, avx, avx2, aes, clmul, bmi1, bmi2, adx, sha, fma, vzeroupper, clflush, clflushopt, hv, rdtscp, rdpid, f16c
Processor Information for processor 0
  Max Mhz: 2100, Current Mhz: 1893, Mhz Limit: 2100
Processor Information for processor 1
  Max Mhz: 2100, Current Mhz: 1813, Mhz Limit: 2100
Processor Information for processor 2
  Max Mhz: 2100, Current Mhz: 1893, Mhz Limit: 2100
Processor Information for processor 3
  Max Mhz: 2100, Current Mhz: 1813, Mhz Limit: 2100
Processor Information for processor 4
  Max Mhz: 2100, Current Mhz: 1893, Mhz Limit: 2100
Processor Information for processor 5
  Max Mhz: 2100, Current Mhz: 1813, Mhz Limit: 2100
Processor Information for processor 6
  Max Mhz: 2100, Current Mhz: 1813, Mhz Limit: 2100
Processor Information for processor 7
  Max Mhz: 2100, Current Mhz: 1813, Mhz Limit: 2100
Processor Information for processor 8
  Max Mhz: 2100, Current Mhz: 1813, Mhz Limit: 2100
Processor Information for processor 9
  Max Mhz: 2100, Current Mhz: 1813, Mhz Limit: 2100
Processor Information for processor 10
  Max Mhz: 2100, Current Mhz: 1813, Mhz Limit: 2100
Processor Information for processor 11
  Max Mhz: 2100, Current Mhz: 1813, Mhz Limit: 2100

Memory: 4k page, system-wide physical 7501M (667M free)
TotalPageFile size 15693M (AvailPageFile size 150M)
current process WorkingSet (physical memory assigned to process): 14M, peak: 14M
current process commit charge ("private bytes"): 65M, peak: 182M

vm_info: Java HotSpot(TM) 64-Bit Server VM (23.0.2+7-58) for windows-amd64 JRE (23.0.2+7-58), built on 2024-11-29T09:34:55Z with MS VC++ 17.6 (VS2022)

END.
